<?xml version="1.0" encoding="utf-8"?><testsuites name="pytest tests"><testsuite name="pytest" errors="0" failures="1" skipped="0" tests="18" time="4.911" timestamp="2026-03-31T17:26:57.879864+00:00" hostname="agent-env-1c658b2c-ce4f-4f52-b174-d2d278778ee5"><testcase classname="backend.tests.test_trustfhone_api.TestHealthAPI" name="test_health_check" time="0.281" /><testcase classname="backend.tests.test_trustfhone_api.TestAuthAPI" name="test_admin_login_success" time="0.199" /><testcase classname="backend.tests.test_trustfhone_api.TestAuthAPI" name="test_login_invalid_credentials" time="0.219" /><testcase classname="backend.tests.test_trustfhone_api.TestAuthAPI" name="test_login_missing_fields" time="0.135" /><testcase classname="backend.tests.test_trustfhone_api.TestAuthAPI" name="test_seller_registration" time="0.258" /><testcase classname="backend.tests.test_trustfhone_api.TestAuthAPI" name="test_buyer_registration" time="0.201" /><testcase classname="backend.tests.test_trustfhone_api.TestAuthAPI" name="test_duplicate_email_registration" time="0.145" /><testcase classname="backend.tests.test_trustfhone_api.TestImageUploadAPI" name="test_image_upload_success" time="0.381" /><testcase classname="backend.tests.test_trustfhone_api.TestImageUploadAPI" name="test_uploaded_image_accessible" time="0.484" /><testcase classname="backend.tests.test_trustfhone_api.TestImageUploadAPI" name="test_image_upload_without_auth" time="0.114" /><testcase classname="backend.tests.test_trustfhone_api.TestImageUploadAPI" name="test_image_upload_no_image" time="0.312" /><testcase classname="backend.tests.test_trustfhone_api.TestListingsAPI" name="test_get_listings_public" time="0.135" /><testcase classname="backend.tests.test_trustfhone_api.TestListingsAPI" name="test_get_listings_with_filters" time="0.118" /><testcase classname="backend.tests.test_trustfhone_api.TestListingsAPI" name="test_get_my_listings_authenticated" time="0.344" /><testcase classname="backend.tests.test_trustfhone_api.TestListingsAPI" name="test_get_my_listings_unauthenticated" time="0.133" /><testcase classname="backend.tests.test_trustfhone_api.TestListingCreation" name="test_create_listing_full_flow" time="0.673" /><testcase classname="backend.tests.test_trustfhone_api.TestListingCreation" name="test_create_listing_missing_fields" time="0.324"><failure message="assert 500 == 400&#10; +  where 500 = &lt;Response [500]&gt;.status_code">backend/tests/test_trustfhone_api.py:363: in test_create_listing_missing_fields
    assert response.status_code == 400
E   assert 500 == 400
E    +  where 500 = &lt;Response [500]&gt;.status_code</failure></testcase><testcase classname="backend.tests.test_trustfhone_api.TestListingCreation" name="test_create_listing_buyer_forbidden" time="0.333" /></testsuite></testsuites>