<?xml version="1.0" encoding="utf-8"?><testsuites name="pytest tests"><testsuite name="pytest" errors="0" failures="0" skipped="0" tests="25" time="6.882" timestamp="2026-03-31T18:04:12.425009+00:00" hostname="agent-env-1c658b2c-ce4f-4f52-b174-d2d278778ee5"><testcase classname="backend.tests.test_new_features.TestChatFeature" name="test_start_chat_requires_auth" time="0.623" /><testcase classname="backend.tests.test_new_features.TestChatFeature" name="test_start_chat_success" time="0.182" /><testcase classname="backend.tests.test_new_features.TestChatFeature" name="test_cannot_chat_with_self" time="0.053" /><testcase classname="backend.tests.test_new_features.TestChatFeature" name="test_get_conversations" time="0.108" /><testcase classname="backend.tests.test_new_features.TestChatFeature" name="test_send_message" time="0.116" /><testcase classname="backend.tests.test_new_features.TestChatFeature" name="test_get_messages" time="0.190" /><testcase classname="backend.tests.test_new_features.TestChatFeature" name="test_unread_count" time="0.096" /><testcase classname="backend.tests.test_new_features.TestReviewsFeature" name="test_create_review_requires_auth" time="0.046" /><testcase classname="backend.tests.test_new_features.TestReviewsFeature" name="test_create_review_success" time="0.064" /><testcase classname="backend.tests.test_new_features.TestReviewsFeature" name="test_cannot_review_self" time="0.064" /><testcase classname="backend.tests.test_new_features.TestReviewsFeature" name="test_duplicate_review_rejected" time="0.112" /><testcase classname="backend.tests.test_new_features.TestReviewsFeature" name="test_get_seller_reviews" time="0.065" /><testcase classname="backend.tests.test_new_features.TestReviewsFeature" name="test_rating_validation" time="0.050" /><testcase classname="backend.tests.test_new_features.TestWishlistFeature" name="test_add_to_wishlist_requires_auth" time="0.047" /><testcase classname="backend.tests.test_new_features.TestWishlistFeature" name="test_add_to_wishlist_success" time="0.052" /><testcase classname="backend.tests.test_new_features.TestWishlistFeature" name="test_get_wishlist" time="0.099" /><testcase classname="backend.tests.test_new_features.TestWishlistFeature" name="test_remove_from_wishlist" time="0.110" /><testcase classname="backend.tests.test_new_features.TestWishlistFeature" name="test_wishlist_invalid_listing" time="0.049" /><testcase classname="backend.tests.test_new_features.TestNotificationsFeature" name="test_get_notifications_requires_auth" time="0.048" /><testcase classname="backend.tests.test_new_features.TestNotificationsFeature" name="test_get_notifications" time="0.048" /><testcase classname="backend.tests.test_new_features.TestNotificationsFeature" name="test_get_unread_count" time="0.062" /><testcase classname="backend.tests.test_new_features.TestNotificationsFeature" name="test_notification_created_on_listing_approval" time="1.414" /><testcase classname="backend.tests.test_new_features.TestNotificationsFeature" name="test_mark_notification_read" time="0.104" /><testcase classname="backend.tests.test_new_features.TestNotificationsFeature" name="test_mark_all_notifications_read" time="0.056" /><testcase classname="backend.tests.test_new_features.TestIntegrationFlow" name="test_full_buyer_seller_flow" time="2.909" /></testsuite></testsuites>